[    0.000000] Linux version 4.15.0-99-generic (buildd@lcy01-amd64-013) (gcc version 7.5.0 (Ubuntu 7.5.0-3ubuntu1~18.04)) #100-Ubuntu SMP Wed Apr 22 20:32:56 UTC 2020 (Ubuntu 4.15.0-99.100-generic 4.15.18)
[    0.000000] Command line: BOOT_IMAGE=/boot/vmlinuz-4.15.0-99-generic root=LABEL=cloudimg-rootfs ro console=tty1 console=ttyS0
[    0.000000] KERNEL supported cpus:
[    0.000000]   Intel GenuineIntel
[    0.000000]   AMD AuthenticAMD
[    0.000000]   Centaur CentaurHauls
[    0.000000] x86/fpu: Supporting XSAVE feature 0x001: 'x87 floating point registers'
[    0.000000] x86/fpu: Supporting XSAVE feature 0x002: 'SSE registers'
[    0.000000] x86/fpu: Supporting XSAVE feature 0x004: 'AVX registers'
[    0.000000] x86/fpu: xstate_offset[2]:  576, xstate_sizes[2]:  256
[    0.000000] x86/fpu: Enabled xstate features 0x7, context size is 832 bytes, using 'standard' format.
[    0.000000] e820: BIOS-provided physical RAM map:
[    0.000000] BIOS-e820: [mem 0x0000000000000000-0x000000000009fbff] usable
[    0.000000] BIOS-e820: [mem 0x000000000009fc00-0x000000000009ffff] reserved
[    0.000000] BIOS-e820: [mem 0x00000000000f0000-0x00000000000fffff] reserved
[    0.000000] BIOS-e820: [mem 0x0000000000100000-0x00000000bffeffff] usable
[    0.000000] BIOS-e820: [mem 0x00000000bfff0000-0x00000000bfffffff] ACPI data
[    0.000000] BIOS-e820: [mem 0x00000000fec00000-0x00000000fec00fff] reserved
[    0.000000] BIOS-e820: [mem 0x00000000fee00000-0x00000000fee00fff] reserved
[    0.000000] BIOS-e820: [mem 0x00000000fffc0000-0x00000000ffffffff] reserved
[    0.000000] NX (Execute Disable) protection: active
[    0.000000] SMBIOS 2.5 present.
[    0.000000] DMI: innotek GmbH VirtualBox/VirtualBox, BIOS VirtualBox 12/01/2006
[    0.000000] Hypervisor detected: KVM
[    0.000000] e820: last_pfn = 0xbfff0 max_arch_pfn = 0x400000000
[    0.000000] MTRR: Disabled
[    0.000000] x86/PAT: MTRRs disabled, skipping PAT initialization too.
[    0.000000] CPU MTRRs all blank - virtualized system.
[    0.000000] x86/PAT: Configuration [0-7]: WB  WT  UC- UC  WB  WT  UC- UC  
[    0.000000] found SMP MP-table at [mem 0x0009fff0-0x0009ffff]
[    0.000000] Scanning 1 areas for low memory corruption
[    0.000000] RAMDISK: [mem 0x35957000-0x36ca2fff]
[    0.000000] ACPI: Early table checksum verification disabled
[    0.000000] ACPI: RSDP 0x00000000000E0000 000024 (v02 VBOX  )
[    0.000000] ACPI: XSDT 0x00000000BFFF0030 00003C (v01 VBOX   VBOXXSDT 00000001 ASL  00000061)
[    0.000000] ACPI: FACP 0x00000000BFFF00F0 0000F4 (v04 VBOX   VBOXFACP 00000001 ASL  00000061)
[    0.000000] ACPI: DSDT 0x00000000BFFF0470 002325 (v02 VBOX   VBOXBIOS 00000002 INTL 20100528)
[    0.000000] ACPI: FACS 0x00000000BFFF0200 000040
[    0.000000] ACPI: FACS 0x00000000BFFF0200 000040
[    0.000000] ACPI: APIC 0x00000000BFFF0240 00005C (v02 VBOX   VBOXAPIC 00000001 ASL  00000061)
[    0.000000] ACPI: SSDT 0x00000000BFFF02A0 0001CC (v01 VBOX   VBOXCPUT 00000002 INTL 20100528)
[    0.000000] No NUMA configuration found
[    0.000000] Faking a node at [mem 0x0000000000000000-0x00000000bffeffff]
[    0.000000] NODE_DATA(0) allocated [mem 0xbffc5000-0xbffeffff]
[    0.000000] kvm-clock: cpu 0, msr 0:bff44001, primary cpu clock
[    0.000000] kvm-clock: Using msrs 4b564d01 and 4b564d00
[    0.000000] kvm-clock: using sched offset of 4849854158 cycles
[    0.000000] clocksource: kvm-clock: mask: 0xffffffffffffffff max_cycles: 0x1cd42e4dffb, max_idle_ns: 881590591483 ns
[    0.000000] Zone ranges:
[    0.000000]   DMA      [mem 0x0000000000001000-0x0000000000ffffff]
[    0.000000]   DMA32    [mem 0x0000000001000000-0x00000000bffeffff]
[    0.000000]   Normal   empty
[    0.000000]   Device   empty
[    0.000000] Movable zone start for each node
[    0.000000] Early memory node ranges
[    0.000000]   node   0: [mem 0x0000000000001000-0x000000000009efff]
[    0.000000]   node   0: [mem 0x0000000000100000-0x00000000bffeffff]
[    0.000000] Reserved but unavailable: 98 pages
[    0.000000] Initmem setup node 0 [mem 0x0000000000001000-0x00000000bffeffff]
[    0.000000] ACPI: PM-Timer IO Port: 0x4008
[    0.000000] IOAPIC[0]: apic_id 2, version 32, address 0xfec00000, GSI 0-23
[    0.000000] ACPI: INT_SRC_OVR (bus 0 bus_irq 0 global_irq 2 dfl dfl)
[    0.000000] ACPI: INT_SRC_OVR (bus 0 bus_irq 9 global_irq 9 low level)
[    0.000000] Using ACPI (MADT) for SMP configuration information
[    0.000000] smpboot: Allowing 2 CPUs, 0 hotplug CPUs
[    0.000000] PM: Registered nosave memory: [mem 0x00000000-0x00000fff]
[    0.000000] PM: Registered nosave memory: [mem 0x0009f000-0x0009ffff]
[    0.000000] PM: Registered nosave memory: [mem 0x000a0000-0x000effff]
[    0.000000] PM: Registered nosave memory: [mem 0x000f0000-0x000fffff]
[    0.000000] e820: [mem 0xc0000000-0xfebfffff] available for PCI devices
[    0.000000] Booting paravirtualized kernel on KVM
[    0.000000] clocksource: refined-jiffies: mask: 0xffffffff max_cycles: 0xffffffff, max_idle_ns: 7645519600211568 ns
[    0.000000] random: get_random_bytes called from start_kernel+0x99/0x4fd with crng_init=0
[    0.000000] setup_percpu: NR_CPUS:8192 nr_cpumask_bits:2 nr_cpu_ids:2 nr_node_ids:1
[    0.000000] percpu: Embedded 45 pages/cpu s147456 r8192 d28672 u1048576
[    0.000000] PV qspinlock hash table entries: 256 (order: 0, 4096 bytes)
[    0.000000] Built 1 zonelists, mobility grouping on.  Total pages: 774009
[    0.000000] Policy zone: DMA32
[    0.000000] Kernel command line: BOOT_IMAGE=/boot/vmlinuz-4.15.0-99-generic root=LABEL=cloudimg-rootfs ro console=tty1 console=ttyS0
[    0.000000] Memory: 3046892K/3145272K available (12300K kernel code, 2481K rwdata, 4268K rodata, 2432K init, 2712K bss, 98380K reserved, 0K cma-reserved)
[    0.000000] SLUB: HWalign=64, Order=0-3, MinObjects=0, CPUs=2, Nodes=1
[    0.000000] Kernel/User page tables isolation: enabled
[    0.000000] ftrace: allocating 39364 entries in 154 pages
[    0.004000] Hierarchical RCU implementation.
[    0.004000] 	RCU restricting CPUs from NR_CPUS=8192 to nr_cpu_ids=2.
[    0.004000] 	Tasks RCU enabled.
[    0.004000] RCU: Adjusting geometry for rcu_fanout_leaf=16, nr_cpu_ids=2
[    0.004000] NR_IRQS: 524544, nr_irqs: 440, preallocated irqs: 16
[    0.004000] Console: colour VGA+ 80x25
[    0.004000] console [tty1] enabled
[    0.004000] console [ttyS0] enabled
[    0.004000] ACPI: Core revision 20170831
[    0.004000] ACPI: 2 ACPI AML tables successfully acquired and loaded
[    0.004000] APIC: Switch to symmetric I/O mode setup
[    0.004000] x2apic enabled
[    0.004000] Switched APIC routing to physical x2apic.
[    0.008000] ..TIMER: vector=0x30 apic1=0 pin1=2 apic2=-1 pin2=-1
[    0.008005] tsc: Detected 2893.446 MHz processor
[    0.012012] Calibrating delay loop (skipped) preset value.. 5786.89 BogoMIPS (lpj=11573784)
[    0.016004] pid_max: default: 32768 minimum: 301
[    0.017979] Security Framework initialized
[    0.020003] Yama: becoming mindful.
[    0.021694] AppArmor: AppArmor initialized
[    0.028337] Dentry cache hash table entries: 524288 (order: 10, 4194304 bytes)
[    0.036248] Inode-cache hash table entries: 262144 (order: 9, 2097152 bytes)
[    0.038465] Mount-cache hash table entries: 8192 (order: 4, 65536 bytes)
[    0.040021] Mountpoint-cache hash table entries: 8192 (order: 4, 65536 bytes)
[    0.044493] Last level iTLB entries: 4KB 512, 2MB 8, 4MB 8
[    0.048005] Last level dTLB entries: 4KB 512, 2MB 32, 4MB 32, 1GB 0
[    0.050342] Spectre V1 : Mitigation: usercopy/swapgs barriers and __user pointer sanitization
[    0.052005] Spectre V2 : Mitigation: Full generic retpoline
[    0.056006] Spectre V2 : Spectre v2 / SpectreRSB mitigation: Filling RSB on context switch
[    0.058643] Speculative Store Bypass: Vulnerable
[    0.060049] MDS: Vulnerable: Clear CPU buffers attempted, no microcode
[    0.062452] Freeing SMP alternatives memory: 36K
[    0.176118] smpboot: CPU0: Intel(R) Core(TM) i7-3520M CPU @ 2.90GHz (family: 0x6, model: 0x3a, stepping: 0x9)
[    0.180000] Performance Events: unsupported p6 CPU model 58 no PMU driver, software events only.
[    0.180089] Hierarchical SRCU implementation.
[    0.182264] NMI watchdog: Perf event create on CPU 0 failed with -2
[    0.184002] NMI watchdog: Perf NMI watchdog permanently disabled
[    0.188078] smp: Bringing up secondary CPUs ...
[    0.192000] x86: Booting SMP configuration:
[    0.192022] .... node  #0, CPUs:      #1
[    0.004000] kvm-clock: cpu 1, msr 0:bff44041, secondary cpu clock
[    0.196039] smp: Brought up 1 node, 2 CPUs
[    0.197393] smpboot: Max logical packages: 1
[    0.200007] smpboot: Total of 2 processors activated (11573.78 BogoMIPS)
[    0.202540] devtmpfs: initialized
[    0.204159] x86/mm: Memory block size: 128MB
[    0.207092] evm: security.selinux
[    0.208006] evm: security.SMACK64
[    0.209590] evm: security.SMACK64EXEC
[    0.212004] evm: security.SMACK64TRANSMUTE
[    0.213811] evm: security.SMACK64MMAP
[    0.216003] evm: security.apparmor
[    0.217730] evm: security.ima
[    0.219085] evm: security.capability
[    0.220231] clocksource: jiffies: mask: 0xffffffff max_cycles: 0xffffffff, max_idle_ns: 7645041785100000 ns
[    0.224024] futex hash table entries: 512 (order: 3, 32768 bytes)
[    0.228062] pinctrl core: initialized pinctrl subsystem
[    0.230389] RTC time: 14:09:15, date: 05/17/20
[    0.232241] NET: Registered protocol family 16
[    0.234337] audit: initializing netlink subsys (disabled)
[    0.236047] audit: type=2000 audit(1589724561.901:1): state=initialized audit_enabled=0 res=1
[    0.240046] cpuidle: using governor ladder
[    0.241490] cpuidle: using governor menu
[    0.242937] ACPI: bus type PCI registered
[    0.244005] acpiphp: ACPI Hot Plug PCI Controller Driver version: 0.5
[    0.246635] PCI: Using configuration type 1 for base access
[    0.253217] HugeTLB registered 2.00 MiB page size, pre-allocated 0 pages
[    0.256248] ACPI: Added _OSI(Module Device)
[    0.258166] ACPI: Added _OSI(Processor Device)
[    0.260013] ACPI: Added _OSI(3.0 _SCP Extensions)
[    0.262199] ACPI: Added _OSI(Processor Aggregator Device)
[    0.264009] ACPI: Added _OSI(Linux-Dell-Video)
[    0.265951] ACPI: Added _OSI(Linux-Lenovo-NV-HDMI-Audio)
[    0.268003] ACPI: Added _OSI(Linux-HPI-Hybrid-Graphics)
[    0.272585] ACPI: Executed 1 blocks of module-level executable AML code
[    0.286153] ACPI: Interpreter enabled
[    0.288033] ACPI: (supports S0 S5)
[    0.289638] ACPI: Using IOAPIC for interrupt routing
[    0.292727] PCI: Using host bridge windows from ACPI; if necessary, use "pci=nocrs" and report a bug
[    0.296314] ACPI: Enabled 2 GPEs in block 00 to 07
[    0.316153] ACPI: PCI Root Bridge [PCI0] (domain 0000 [bus 00-ff])
[    0.318837] acpi PNP0A03:00: _OSC: OS supports [ASPM ClockPM Segments MSI]
[    0.324101] acpi PNP0A03:00: _OSC: not requesting OS control; OS requires [ExtendedConfig ASPM ClockPM MSI]
[    0.328026] acpi PNP0A03:00: fail to add MMCONFIG information, can't access extended PCI configuration space under this bridge.
[    0.332876] PCI host bridge to bus 0000:00
[    0.336005] pci_bus 0000:00: root bus resource [io  0x0000-0x0cf7 window]
[    0.338895] pci_bus 0000:00: root bus resource [io  0x0d00-0xffff window]
[    0.340006] pci_bus 0000:00: root bus resource [mem 0x000a0000-0x000bffff window]
[    0.344017] pci_bus 0000:00: root bus resource [mem 0xc0000000-0xfdffffff window]
[    0.348007] pci_bus 0000:00: root bus resource [bus 00-ff]
[    0.356301] pci 0000:00:01.1: legacy IDE quirk: reg 0x10: [io  0x01f0-0x01f7]
[    0.359185] pci 0000:00:01.1: legacy IDE quirk: reg 0x14: [io  0x03f6]
[    0.360005] pci 0000:00:01.1: legacy IDE quirk: reg 0x18: [io  0x0170-0x0177]
[    0.364006] pci 0000:00:01.1: legacy IDE quirk: reg 0x1c: [io  0x0376]
[    0.417793] pci 0000:00:07.0: quirk: [io  0x4000-0x403f] claimed by PIIX4 ACPI
[    0.420029] pci 0000:00:07.0: quirk: [io  0x4100-0x410f] claimed by PIIX4 SMB
[    0.463053] ACPI: PCI Interrupt Link [LNKA] (IRQs 5 9 10 *11)
[    0.465323] ACPI: PCI Interrupt Link [LNKB] (IRQs 5 9 *10 11)
[    0.468381] ACPI: PCI Interrupt Link [LNKC] (IRQs 5 *9 10 11)
[    0.471053] ACPI: PCI Interrupt Link [LNKD] (IRQs 5 9 10 *11)
[    0.472617] SCSI subsystem initialized
[    0.476068] pci 0000:00:02.0: vgaarb: setting as boot VGA device
[    0.477947] pci 0000:00:02.0: vgaarb: VGA device added: decodes=io+mem,owns=io+mem,locks=none
[    0.480007] pci 0000:00:02.0: vgaarb: bridge control possible
[    0.482659] vgaarb: loaded
[    0.484050] ACPI: bus type USB registered
[    0.485929] usbcore: registered new interface driver usbfs
[    0.488019] usbcore: registered new interface driver hub
[    0.492006] usbcore: registered new device driver usb
[    0.493870] EDAC MC: Ver: 3.0.0
[    0.493870] PCI: Using ACPI for IRQ routing
[    0.496465] NetLabel: Initializing
[    0.497702] NetLabel:  domain hash size = 128
[    0.499112] NetLabel:  protocols = UNLABELED CIPSOv4 CALIPSO
[    0.500034] NetLabel:  unlabeled traffic allowed by default
[    0.504202] clocksource: Switched to clocksource kvm-clock
[    0.554435] VFS: Disk quotas dquot_6.6.0
[    0.556338] VFS: Dquot-cache hash table entries: 512 (order 0, 4096 bytes)
[    0.559739] AppArmor: AppArmor Filesystem Enabled
[    0.561940] pnp: PnP ACPI init
[    0.568880] pnp: PnP ACPI: found 5 devices
[    0.583899] clocksource: acpi_pm: mask: 0xffffff max_cycles: 0xffffff, max_idle_ns: 2085701024 ns
[    0.588082] NET: Registered protocol family 2
[    0.590552] TCP established hash table entries: 32768 (order: 6, 262144 bytes)
[    0.594388] TCP bind hash table entries: 32768 (order: 7, 524288 bytes)
[    0.597469] TCP: Hash tables configured (established 32768 bind 32768)
[    0.600478] UDP hash table entries: 2048 (order: 4, 65536 bytes)
[    0.603418] UDP-Lite hash table entries: 2048 (order: 4, 65536 bytes)
[    0.606495] NET: Registered protocol family 1
[    0.608951] pci 0000:00:00.0: Limiting direct PCI/PCI transfers
[    0.611984] pci 0000:00:01.0: Activating ISA DMA hang workarounds
[    0.615866] pci 0000:00:02.0: Video device with shadowed ROM at [mem 0x000c0000-0x000dffff]
[    0.619834] Unpacking initramfs...
[    1.344271] Freeing initrd memory: 19760K
[    1.346324] clocksource: tsc: mask: 0xffffffffffffffff max_cycles: 0x29b513e6842, max_idle_ns: 440795296007 ns
[    1.350802] platform rtc_cmos: registered platform RTC device (no PNP device found)
[    1.354406] Scanning for low memory corruption every 60 seconds
[    1.358342] Initialise system trusted keyrings
[    1.360332] Key type blacklist registered
[    1.362511] workingset: timestamp_bits=36 max_order=20 bucket_order=0
[    1.373132] zbud: loaded
[    1.375441] squashfs: version 4.0 (2009/01/31) Phillip Lougher
[    1.377650] fuse init (API version 7.26)
[    1.383015] Key type asymmetric registered
[    1.384816] Asymmetric key parser 'x509' registered
[    1.387000] Block layer SCSI generic (bsg) driver version 0.4 loaded (major 246)
[    1.390181] io scheduler noop registered
[    1.392025] io scheduler deadline registered
[    1.393590] io scheduler cfq registered (default)
[    1.395570] ACPI: AC Adapter [AC] (on-line)
[    1.397135] input: Power Button as /devices/LNXSYSTM:00/LNXPWRBN:00/input/input0
[    1.399652] ACPI: Power Button [PWRF]
[    1.401093] input: Sleep Button as /devices/LNXSYSTM:00/LNXSLPBN:00/input/input1
[    1.403983] ACPI: Sleep Button [SLPF]
[    1.408305] ACPI: Battery Slot [BAT0] (battery present)
[    1.410821] Serial: 8250/16550 driver, 32 ports, IRQ sharing enabled
[    1.434912] 00:02: ttyS0 at I/O 0x3f8 (irq = 4, base_baud = 115200) is a 16550A
[    1.477557] 00:03: ttyS1 at I/O 0x2f8 (irq = 3, base_baud = 115200) is a 16550A
[    1.502849] 00:04: ttyS2 at I/O 0x3e8 (irq = 4, base_baud = 115200) is a 16550A
[    1.511349] Linux agpgart interface v0.103
[    1.516336] loop: module loaded
[    1.518845] scsi host0: ata_piix
[    1.520516] scsi host1: ata_piix
[    1.522105] ata1: PATA max UDMA/33 cmd 0x1f0 ctl 0x3f6 bmdma 0xd000 irq 14
[    1.525053] ata2: PATA max UDMA/33 cmd 0x170 ctl 0x376 bmdma 0xd008 irq 15
[    1.528100] libphy: Fixed MDIO Bus: probed
[    1.529987] tun: Universal TUN/TAP device driver, 1.6
[    1.532384] PPP generic driver version 2.4.2
[    1.534414] ehci_hcd: USB 2.0 'Enhanced' Host Controller (EHCI) Driver
[    1.537266] ehci-pci: EHCI PCI platform driver
[    1.539242] ehci-platform: EHCI generic platform driver
[    1.541566] ohci_hcd: USB 1.1 'Open' Host Controller (OHCI) Driver
[    1.544555] ohci-pci: OHCI PCI platform driver
[    1.546203] ohci-platform: OHCI generic platform driver
[    1.547948] uhci_hcd: USB Universal Host Controller Interface driver
[    1.550055] i8042: PNP: PS/2 Controller [PNP0303:PS2K,PNP0f03:PS2M] at 0x60,0x64 irq 1,12
[    1.553641] serio: i8042 KBD port at 0x60,0x64 irq 1
[    1.555312] serio: i8042 AUX port at 0x60,0x64 irq 12
[    1.557219] mousedev: PS/2 mouse device common for all mice
[    1.560012] input: AT Translated Set 2 keyboard as /devices/platform/i8042/serio0/input/input2
[    1.564111] rtc_cmos rtc_cmos: rtc core: registered rtc_cmos as rtc0
[    1.566959] rtc_cmos rtc_cmos: alarms up to one day, 114 bytes nvram
[    1.569849] i2c /dev entries driver
[    1.571477] device-mapper: uevent: version 1.0.3
[    1.573875] device-mapper: ioctl: 4.37.0-ioctl (2017-09-20) initialised: dm-devel@redhat.com
[    1.577412] ledtrig-cpu: registered to indicate activity on CPUs
[    1.580524] NET: Registered protocol family 10
[    1.587803] Segment Routing with IPv6
[    1.589519] NET: Registered protocol family 17
[    1.591633] Key type dns_resolver registered
[    1.593908] mce: Using 0 MCE banks
[    1.595497] RAS: Correctable Errors collector initialized.
[    1.597938] sched_clock: Marking stable (1597914061, 0)->(2074103576, -476189515)
[    1.602031] registered taskstats version 1
[    1.603794] Loading compiled-in X.509 certificates
[    1.609857] Loaded X.509 cert 'Build time autogenerated kernel key: 7480108fe56bba9284001dfb9078560125be4684'
[    1.614035] zswap: loaded using pool lzo/zbud
[    1.620248] Key type big_key registered
[    1.621913] Key type trusted registered
[    1.626234] Key type encrypted registered
[    1.628159] AppArmor: AppArmor sha1 policy hashing enabled
[    1.630124] ima: No TPM chip found, activating TPM-bypass! (rc=-19)
[    1.633025] ima: Allocated hash algorithm: sha1
[    1.634922] evm: HMAC attrs: 0x1
[    1.636905]   Magic number: 4:372:182
[    1.638639] rtc_cmos rtc_cmos: setting system clock to 2020-05-17 14:09:16 UTC (1589724556)
[    1.642199] BIOS EDD facility v0.16 2004-Jun-25, 0 devices found
[    1.644106] EDD information not available.
[    1.730813] Freeing unused kernel image memory: 2432K
[    1.972702] Write protecting the kernel read-only data: 20480k
[    1.976697] Freeing unused kernel image memory: 2008K
[    1.979454] Freeing unused kernel image memory: 1876K
[    2.013957] x86/mm: Checked W+X mappings: passed, no W+X pages found.
[    2.017046] x86/mm: Checking user space page tables
[    2.050368] x86/mm: Checked W+X mappings: passed, no W+X pages found.
Loading, please wait...
starting version 237
[    2.227512] Fusion MPT base driver 3.04.20
[    2.229401] Copyright (c) 1999-2008 LSI Corporation
[    2.244371] e1000: Intel(R) PRO/1000 Network Driver - version 7.3.21-k8-NAPI
[    2.247514] e1000: Copyright (c) 1999-2006 Intel Corporation.
[    2.268614] AVX version of gcm_enc/dec engaged.
[    2.270603] AES CTR mode by8 optimization enabled
[    2.298829] Fusion MPT SPI Host driver 3.04.20
[    2.322135] vboxvideo: loading out-of-tree module taints kernel.
[    2.326172] vboxvideo: module verification failed: signature and/or required key missing - tainting kernel
[    2.447731] input: ImExPS/2 Generic Explorer Mouse as /devices/platform/i8042/serio1/input/input4
[    2.745452] e1000 0000:00:03.0 eth0: (PCI:33MHz:32-bit) 02:e1:77:94:14:ba
[    2.747962] e1000 0000:00:03.0 eth0: Intel(R) PRO/1000 Network Connection
[    3.230463] e1000 0000:00:08.0 eth1: (PCI:33MHz:32-bit) 08:00:27:f0:10:4f
[    3.232776] e1000 0000:00:08.0 eth1: Intel(R) PRO/1000 Network Connection
[    3.236853] e1000 0000:00:03.0 enp0s3: renamed from eth0
[    3.241422] mptbase: ioc0: Initiating bringup
[    3.253052] e1000 0000:00:08.0 enp0s8: renamed from eth1
[    3.664682] ioc0: LSI53C1030 A0: Capabilities={Initiator}
[    5.975065] scsi host2: ioc0: LSI53C1030 A0, FwRev=00000000h, Ports=1, MaxQ=256, IRQ=20
[    7.340875] scsi 2:0:0:0: Direct-Access     VBOX     HARDDISK         1.0  PQ: 0 ANSI: 5
[    7.342448] [drm] VRAM 01000000
[    7.347934] [TTM] Zone  kernel: Available graphics memory: 1536502 kiB
[    7.350799] [TTM] Initializing pool allocator
[    7.352885] [TTM] Initializing DMA pool allocator
[    7.359064] fbcon: vboxdrmfb (fb0) is primary device
[    7.365241] Console: switching to colour frame buffer device 100x37
[    7.373588] vboxvideo 0000:00:02.0: fb0: vboxdrmfb frame buffer device
[    7.384733] scsi target2:0:0: Beginning Domain Validation
[    7.389526] scsi target2:0:0: Domain Validation skipping write tests
[    7.391589] scsi target2:0:0: Ending Domain Validation
[    7.392435] [drm] Initialized vboxvideo 1.0.0 20130823 for 0000:00:02.0 on minor 0
[    7.395600] scsi target2:0:0: asynchronous
[    7.399017] scsi 2:0:1:0: Direct-Access     VBOX     HARDDISK         1.0  PQ: 0 ANSI: 5
[    7.452089] scsi target2:0:1: Beginning Domain Validation
[    7.454901] random: fast init done
[    7.457054] scsi target2:0:1: Domain Validation skipping write tests
[    7.458812] scsi target2:0:1: Ending Domain Validation
[    7.461287] scsi target2:0:1: asynchronous
[    7.473026] random: systemd-udevd: uninitialized urandom read (16 bytes read)
[    7.474284] sd 2:0:0:0: Attached scsi generic sg0 type 0
[    7.478989] random: systemd-udevd: uninitialized urandom read (16 bytes read)
[    7.482298] sd 2:0:1:0: Attached scsi generic sg1 type 0
[    7.485439] random: systemd-udevd: uninitialized urandom read (16 bytes read)
[    7.492208] sd 2:0:0:0: [sda] 20971520 512-byte logical blocks: (10.7 GB/10.0 GiB)
[    7.495562] sd 2:0:1:0: [sdb] 20480 512-byte logical blocks: (10.5 MB/10.0 MiB)
[    7.499257] sd 2:0:0:0: [sda] Write Protect is off
[    7.502031] sd 2:0:1:0: [sdb] Write Protect is off
[    7.504329] sd 2:0:0:0: [sda] Incomplete mode parameter data
[    7.508543] sd 2:0:0:0: [sda] Assuming drive cache: write through
[    7.511825] sd 2:0:1:0: [sdb] Incomplete mode parameter data
[    7.513762]  sda: sda1
[    7.515061] sd 2:0:1:0: [sdb] Assuming drive cache: write through
[    7.519666] sd 2:0:0:0: [sda] Attached SCSI disk
[    7.528425] sd 2:0:1:0: [sdb] Attached SCSI disk
Begin: Loading essential drivers ... [    7.888483] raid6: sse2x1   gen()  2632 MB/s
[    7.936277] raid6: sse2x1   xor()  1497 MB/s
[    7.984130] raid6: sse2x2   gen()  5650 MB/s
[    8.032038] raid6: sse2x2   xor()  2938 MB/s
[    8.080069] raid6: sse2x4   gen()  6296 MB/s
[    8.128083] raid6: sse2x4   xor()  3979 MB/s
[    8.130949] raid6: using algorithm sse2x4 gen() 6296 MB/s
[    8.134487] raid6: .... xor() 3979 MB/s, rmw enabled
[    8.137458] raid6: using ssse3x2 recovery algorithm
[    8.142715] xor: automatically using best checksumming function   avx       
[    8.149419] async_tx: api initialized (async)
done.
Begin: Running /scripts/init-premount ... done.
Begin: Mounting root file system ... Begin: Running /scripts/local-top ... done.
Begin: Running /scripts/local-premount ... [    8.247954] Btrfs loaded, crc32c=crc32c-intel
Scanning for Btrfs filesystems
done.
Warning: fsck not present, so skipping root file system
[    8.297554] EXT4-fs (sda1): mounted filesystem with ordered data mode. Opts: (null)
done.
Begin: Running /scripts/local-bottom ... done.
Begin: Running /scripts/init-bottom ... done.
[    8.571049] ip_tables: (C) 2000-2006 Netfilter Core Team
[    8.588156] systemd[1]: systemd 237 running in system mode. (+PAM +AUDIT +SELINUX +IMA +APPARMOR +SMACK +SYSVINIT +UTMP +LIBCRYPTSETUP +GCRYPT +GNUTLS +ACL +XZ +LZ4 +SECCOMP +BLKID +ELFUTILS +KMOD -IDN2 +IDN -PCRE2 default-hierarchy=hybrid)
[    8.599109] systemd[1]: Detected virtualization oracle.
[    8.602622] systemd[1]: Detected architecture x86-64.

Welcome to [1mUbuntu 18.04.4 LTS[0m!

[    8.614420] systemd[1]: Set hostname to <safewaterfall>.
[    9.012167] systemd[1]: Reached target Swap.
[[0;32m  OK  [0m] Reached target Swap.
[    9.016215] systemd[1]: Reached target System Time Synchronized.
[[0;32m  OK  [0m] Reached target System Time Synchronized.
[    9.356556] systemd[1]: Started Forward Password Requests to Wall Directory Watch.
[[0;32m  OK  [0m] Started Forward Password Requests to Wall Directory Watch.
[    9.365107] systemd[1]: Set up automount Arbitrary Executable File Formats File System Automount Point.
[[0;32m  OK  [0m] Set up automount Arbitrary Executab…rmats File System Automount Point.
[    9.377396] systemd[1]: Reached target User and Group Name Lookups.
[[0;32m  OK  [0m] Reached target User and Group Name Lookups.
[    9.667530] systemd[1]: Created slice System Slice.
[[0;32m  OK  [0m] Created slice System Slice.
[[0;32m  OK  [0m] Listening on /dev/initctl Compatibility Named Pipe.
[[0;32m  OK  [0m] Listening on Journal Socket.
         Starting Create list of required st…ce nodes for the current kernel...
[[0;32m  OK  [0m] Listening on LVM2 poll daemon socket.
[[0;32m  OK  [0m] Created slice system-serial\x2dgetty.slice.
[[0;32m  OK  [0m] Listening on udev Control Socket.
         Starting Set the console keyboard layout...
[[0;32m  OK  [0m] Listening on Syslog Socket.
         Mounting Kernel Debug File System...
[[0;32m  OK  [0m] Created slice User and Session Slice.
[[0;32m  OK  [0m] Reached target Slices.
         Starting Load Kernel Modules...
         Starting Uncomplicated firewall...
[[0;32m  OK  [0m] Listening on udev Kernel Socket.
         Starting udev Coldplug all Devices...
         Mounting POSIX Message Queue File System...
         Mounting Huge Pages File System...
[[0;32m  OK  [0m] Listening on Journal Audit Socket.
[[0;32m  OK  [0m] Listening on Device-mapper event daemon FIFOs.
[[0;32m  OK  [0m] Listening on Journal Socket (/dev/log).
         Starting Journal Service...
[[0;32m  OK  [0m] Listening on Network Service Netlink Socket.
[[0;32m  OK  [0m] Listening on LVM2 metadata daemon socket.
         Starting Monitoring of LVM2 mirrors…ng dmeventd or progress polling...
         Starting Remount Root and Kernel File Systems...
[[0;32m  OK  [0m] Started Create list of required sta…vice nodes for the current kernel.
[[0;32m  OK  [0m] Mounted Kernel Debug File System.
[[0;32m  OK  [0m] Started Uncomplicated firewall.
[[0;32m  OK  [0m] Mounted POSIX Message Queue File System.
[[0;32m  OK  [0m] Mounted Huge Pages File System.
         Starting Create Static Device Nodes in /dev...
[[0;32m  OK  [0m] Started LVM2 metadata daemon.
[   10.171283] EXT4-fs (sda1): re-mounted. Opts: (null)
[[0;32m  OK  [0m] Started Remount Root and Kernel File Systems.
[   10.191047] Loading iSCSI transport class v2.0-870.
         Starting Load/Save Random Seed...
[[0;32m  OK  [0m] Started Create Static Device Nodes in /dev.
         Starting udev Kernel Device Manager...
[[0;32m  OK  [0m] Started udev Coldplug all Devices.
[   10.295195] iscsi: registered transport (tcp)
[[0;32m  OK  [0m] Started Load/Save Random Seed.
[[0;32m  OK  [0m] Started Monitoring of LVM2 mirrors,…sing dmeventd or progress polling.
[[0;32m  OK  [0m] Started Journal Service.
         Starting Flush Journal to Persistent Storage...
[[0;32m  OK  [0m] Started udev Kernel Device Manager.
[   10.429975] systemd-journald[404]: Received request to flush runtime journal from PID 1
[   10.465878] iscsi: registered transport (iser)
[[0;32m  OK  [0m] Started Load Kernel Modules.
         Starting Apply Kernel Variables...
         Mounting Kernel Configuration File System...
         Mounting FUSE Control File System...
[[0;32m  OK  [0m] Mounted Kernel Configuration File System.
[[0;32m  OK  [0m] Mounted FUSE Control File System.
[[0;32m  OK  [0m] Started Apply Kernel Variables.
[[0;32m  OK  [0m] Started Flush Journal to Persistent Storage.
[[0;32m  OK  [0m] Found device /dev/ttyS0.
[[0;32m  OK  [0m] Listening on Load/Save RF Kill Switch Status /dev/rfkill Watch.
[[0;32m  OK  [0m] Started Set the console keyboard layout.
[[0;32m  OK  [0m] Reached target Local File Systems (Pre).
[[0;32m  OK  [0m] Reached target Local File Systems.
         Starting ebtables ruleset management...
         Starting Set console font and keymap...
         Starting AppArmor initialization...
         Starting Create Volatile Files and Directories...
         Starting Tell Plymouth To Write Out Runtime Data...
[[0;32m  OK  [0m] Started Dispatch Password Requests to Console Directory Watch.
[[0;32m  OK  [0m] Reached target Local Encrypted Volumes.
[[0;32m  OK  [0m] Started Set console font and keymap.
[[0;32m  OK  [0m] Started Tell Plymouth To Write Out Runtime Data.
[[0;32m  OK  [0m] Started Create Volatile Files and Directories.
         Starting Update UTMP about System Boot/Shutdown...
[[0;32m  OK  [0m] Started Update UTMP about System Boot/Shutdown.
[[0;32m  OK  [0m] Started ebtables ruleset management.
[[0;32m  OK  [0m] Started AppArmor initialization.
         Starting Initial cloud-init job (pre-networking)...
[   14.959874] cloud-init[689]: Cloud-init v. 19.4-33-gbb4131a2-0ubuntu1~18.04.1 running 'init-local' at Sun, 17 May 2020 14:09:29 +0000. Up 14.55 seconds.
[[0;32m  OK  [0m] Started Initial cloud-init job (pre-networking).
[[0;32m  OK  [0m] Reached target Network (Pre).
         Starting Network Service...
[[0;32m  OK  [0m] Started Network Service.
         Starting Wait for Network to be Configured...
         Starting Network Name Resolution...
[[0;32m  OK  [0m] Started Network Name Resolution.
[[0;32m  OK  [0m] Reached target Network.
[[0;32m  OK  [0m] Reached target Host and Network Name Lookups.
[[0;32m  OK  [0m] Started Wait for Network to be Configured.
         Starting Initial cloud-init job (metadata service crawler)...
[   18.652802] cloud-init[808]: Cloud-init v. 19.4-33-gbb4131a2-0ubuntu1~18.04.1 running 'init' at Sun, 17 May 2020 14:09:33 +0000. Up 18.22 seconds.
[   18.659778] cloud-init[808]: ci-info: ++++++++++++++++++++++++++++++++++++++Net device info+++++++++++++++++++++++++++++++++++++++
[   18.666435] cloud-init[808]: ci-info: +--------+------+-----------------------------+---------------+--------+-------------------+
[   18.670210] cloud-init[808]: ci-info: | Device |  Up  |           Address           |      Mask     | Scope  |     Hw-Address    |
[   18.674178] cloud-init[808]: ci-info: +--------+------+-----------------------------+---------------+--------+-------------------+
[   18.677741] cloud-init[808]: ci-info: | enp0s3 | True |          10.0.2.15          | 255.255.255.0 | global | 02:e1:77:94:14:ba |
[   18.682058] cloud-init[808]: ci-info: | enp0s3 | True |  fe80::e1:77ff:fe94:14ba/64 |       .       |  link  | 02:e1:77:94:14:ba |
[   18.685862] cloud-init[808]: ci-info: | enp0s8 | True |        172.42.42.220        | 255.255.255.0 | global | 08:00:27:f0:10:4f |
[   18.690084] cloud-init[808]: ci-info: | enp0s8 | True | fe80::a00:27ff:fef0:104f/64 |       .       |  link  | 08:00:27:f0:10:4f |
[   18.695152] cloud-init[808]: ci-info: |   lo   | True |          127.0.0.1          |   255.0.0.0   |  host  |         .         |
[   18.700352] cloud-init[808]: ci-info: |   lo   | True |           ::1/128           |       .       |  host  |         .         |
[   18.705546] cloud-init[808]: ci-info: +--------+------+-----------------------------+---------------+--------+-------------------+
[   18.710659] cloud-init[808]: ci-info: ++++++++++++++++++++++++++++Route IPv4 info+++++++++++++++++++++++++++++
[   18.715871] cloud-init[808]: ci-info: +-------+-------------+----------+-----------------+-----------+-------+
[   18.720736] cloud-init[808]: ci-info: | Route | Destination | Gateway  |     Genmask     | Interface | Flags |
[   18.725165] cloud-init[808]: ci-info: +-------+-------------+----------+-----------------+-----------+-------+
[   18.728441] cloud-init[808]: ci-info: |   0   |   0.0.0.0   | 10.0.2.2 |     0.0.0.0     |   enp0s3  |   UG  |
[   18.730971] cloud-init[808]: ci-info: |   1   |   10.0.2.0  | 0.0.0.0  |  255.255.255.0  |   enp0s3  |   U   |
[   18.734363] cloud-init[808]: ci-info: |   2   |   10.0.2.2  | 0.0.0.0  | 255.255.255.255 |   enp0s3  |   UH  |
[   18.736732] cloud-init[808]: ci-info: |   3   | 172.42.42.0 | 0.0.0.0  |  255.255.255.0  |   enp0s8  |   U   |
[   18.739392] cloud-init[808]: ci-info: +-------+-------------+----------+-----------------+-----------+-------+
[   18.742507] cloud-init[808]: ci-info: +++++++++++++++++++Route IPv6 info+++++++++++++++++++
[   18.744652] cloud-init[808]: ci-info: +-------+-------------+---------+-----------+-------+
[   18.746818] cloud-init[808]: ci-info: | Route | Destination | Gateway | Interface | Flags |
[   18.749534] cloud-init[808]: ci-info: +-------+-------------+---------+-----------+-------+
[   18.751682] cloud-init[808]: ci-info: |   1   |  fe80::/64  |    ::   |   enp0s8  |   U   |
[   18.753957] cloud-init[808]: ci-info: |   2   |  fe80::/64  |    ::   |   enp0s3  |   U   |
[   18.755804] cloud-init[808]: ci-info: |   4   |    local    |    ::   |   enp0s3  |   U   |
[   18.758385] cloud-init[808]: ci-info: |   5   |    local    |    ::   |   enp0s8  |   U   |
[   18.761204] cloud-init[808]: ci-info: |   6   |   ff00::/8  |    ::   |   enp0s8  |   U   |
[   18.763861] cloud-init[808]: ci-info: |   7   |   ff00::/8  |    ::   |   enp0s3  |   U   |
[   18.766688] cloud-init[808]: ci-info: +-------+-------------+---------+-----------+-------+
[[0;32m  OK  [0m] Started Initial cloud-init job (metadata service crawler).
[[0;32m  OK  [0m] Reached target System Initialization.
[[0;32m  OK  [0m] Listening on UUID daemon activation socket.
[[0;32m  OK  [0m] Started Discard unused blocks once a week.
[[0;32m  OK  [0m] Started Daily Cleanup of Temporary Directories.
         Starting Socket activation for snappy daemon.
         Starting LXD - unix socket.
[[0;32m  OK  [0m] Listening on D-Bus System Message Bus Socket.
         Starting Docker Socket for the API.
[[0;32m  OK  [0m] Listening on ACPID Listen Socket.
[[0;32m  OK  [0m] Started ACPI Events Check.
[[0;32m  OK  [0m] Started Message of the Day.
[[0;32m  OK  [0m] Listening on Open-iSCSI iscsid Socket.
[[0;32m  OK  [0m] Reached target Paths.
[[0;32m  OK  [0m] Started Daily apt download activities.
[[0;32m  OK  [0m] Started Daily apt upgrade and clean activities.
[[0;32m  OK  [0m] Reached target Timers.
[[0;32m  OK  [0m] Reached target Cloud-config availability.
[[0;32m  OK  [0m] Reached target Network is Online.
[[0;32m  OK  [0m] Reached target Remote File Systems (Pre).
[[0;32m  OK  [0m] Reached target Remote File Systems.
         Starting Availability of block devices...
[[0;32m  OK  [0m] Listening on Socket activation for snappy daemon.
[[0;32m  OK  [0m] Listening on LXD - unix socket.
[[0;32m  OK  [0m] Listening on Docker Socket for the API.
[[0;32m  OK  [0m] Started Availability of block devices.
[[0;32m  OK  [0m] Reached target Sockets.
[[0;32m  OK  [0m] Reached target Basic System.
[[0;32m  OK  [0m] Started FUSE filesystem for LXC.
         Starting vboxadd.service...
         Starting Login Service...
         Starting controls configuration of serial ports...
[[0;32m  OK  [0m] Started Regular background program processing daemon.
         Starting LXD - container startup/shutdown...
         Starting Accounts Service...
         Starting System Logging Service...
[[0;32m  OK  [0m] Started irqbalance daemon.
         Starting LSB: Record successful boot for GRUB...
         Starting containerd container runtime...
         Starting Dispatcher daemon for systemd-networkd...
         Starting LSB: automatic crash report generation...
         Starting OpenBSD Secure Shell server...
         Starting controls configuration of serial ports...
[[0;32m  OK  [0m] Started D-Bus System Message Bus.
[[0;32m  OK  [0m] Started Login Service.
[[0;32m  OK  [0m] Started Unattended Upgrades Shutdown.
         Starting Snappy daemon...
[[0;32m  OK  [0m] Started Deferred execution scheduler.
         Starting Permit User Sessions...
[[0;32m  OK  [0m] Started System Logging Service.
[[0;32m  OK  [0m] Started containerd container runtime.
[[0;32m  OK  [0m] Started OpenBSD Secure Shell server.
[[0;32m  OK  [0m] Started controls configuration of serial ports.
[[0;32m  OK  [0m] Started Permit User Sessions.
         Starting Terminate Plymouth Boot Screen...
         Starting Hold until boot process finishes up...
         Starting Authorization Manager...
         Starting Docker Application Container Engine...
[[0;32m  OK  [0m] Started Terminate Plymouth Boot Screen.
[[0;32m  OK  [0m] Started Hold until boot process finishes up.
[[0;32m  OK  [0m] Started Serial Getty on ttyS0.
         Starting Set console scheme...
[[0;32m  OK  [0m] Started Set console scheme.
[[0;32m  OK  [0m] Started LSB: automatic crash report generation.
[[0;32m  OK  [0m] Started controls configuration of serial ports.
[[0;32m  OK  [0m] Created slice system-getty.slice.
[[0;32m  OK  [0m] Started Getty on tty1.
[[0;32m  OK  [0m] Reached target Login Prompts.
[[0;32m  OK  [0m] Started LSB: Record successful boot for GRUB.
[[0;32m  OK  [0m] Started Authorization Manager.
[[0;32m  OK  [0m] Started Accounts Service.
[[0;32m  OK  [0m] Created slice User Slice of vagrant.
         Starting User Manager for UID 1000...
[[0;32m  OK  [0m] Started Session 1 of user vagrant.
[[0;32m  OK  [0m] Started Dispatcher daemon for systemd-networkd.
[[0;32m  OK  [0m] Started LXD - container startup/shutdown.
[[0;32m  OK  [0m] Started User Manager for UID 1000.
[[0;32m  OK  [0m] Started Snappy daemon.
         Starting Wait until snapd is fully seeded...
[[0;32m  OK  [0m] Started Wait until snapd is fully seeded.
         Starting Apply the settings specified in cloud-config...

Ubuntu 18.04.4 LTS safewaterfall ttyS0

safewaterfall login: [   29.769800] cloud-init[1264]: Cloud-init v. 19.4-33-gbb4131a2-0ubuntu1~18.04.1 running 'modules:config' at Sun, 17 May 2020 14:09:43 +0000. Up 29.01 seconds.
[   33.733787] cloud-init[1763]: Cloud-init v. 19.4-33-gbb4131a2-0ubuntu1~18.04.1 running 'modules:final' at Sun, 17 May 2020 14:09:48 +0000. Up 33.47 seconds.
[   33.742732] cloud-init[1763]: Cloud-init v. 19.4-33-gbb4131a2-0ubuntu1~18.04.1 finished at Sun, 17 May 2020 14:09:48 +0000. Datasource DataSourceNoCloud [seed=/dev/sdb][dsmode=net].  Up 33.71 seconds
[[0;32m  OK  [0m] Stopped target Host and Network Name Lookups.
[[0;32m  OK  [0m] Stopped target Timers.
[[0;32m  OK  [0m] Stopped Message of the Day.
[[0;32m  OK  [0m] Stopped Discard unused blocks once a week.
         Stopping Authorization Manager...
[[0;32m  OK  [0m] Stopped target Cloud-init target.
[[0;32m  OK  [0m] Stopped Execute cloud user/final scripts.
         Stopping User Manager for UID 1000...
[[0;32m  OK  [0m] Stopped Apply the settings specified in cloud-config.
         Stopping Session 6 of user vagrant.
[[0;32m  OK  [0m] Stopped Daily apt upgrade and clean activities.
[[0;32m  OK  [0m] Closed Load/Save RF Kill Switch Status /dev/rfkill Watch.
         Stopping Session 11 of user vagrant.
[[0;32m  OK  [0m] Stopped target Graphical Interface.
         Stopping Accounts Service...
[[0;32m  OK  [0m] Stopped target Multi-User System.
         Stopping Dispatcher daemon for systemd-networkd...
         Stopping D-Bus System Message Bus...
         Stopping vboxadd-service.service...
         Stopping LSB: automatic crash report generation...
         Stopping irqbalance daemon...
[[0;32m  OK  [0m] Stopped Wait until snapd is fully seeded.
[[0;32m  OK  [0m] Stopped target Login Prompts.
         Stopping Getty on tty1...
         Stopping Serial Getty on ttyS0...
         Stopping Unattended Upgrades Shutdown...
         Stopping OpenBSD Secure Shell server...
         Stopping Deferred execution scheduler...
         Stopping System Logging Service...
         Stopping Regular background program processing daemon...
         Stopping LSB: Record successful boot for GRUB...
         Stopping FUSE filesystem for LXC...
         Stopping LXD - container startup/shutdown...
         Stopping Session 7 of user vagrant.
[[0;32m  OK  [0m] Stopped target Cloud-config availability.
         Stopping Availability of block devices...
         Stopping Docker Application Container Engine...
[[0;32m  OK  [0m] Stopped Daily Cleanup of Temporary Directories.
[[0;32m  OK  [0m] Stopped Daily apt download activities.
[[0;32m  OK  [0m] Stopped target System Time Synchronized.
[[0;32m  OK  [0m] Unmounted /var/lib/lxcfs.
[[0;32m  OK  [0m] Stopped Regular background program processing daemon.
[[0;32m  OK  [0m] Stopped Accounts Service.
[[0;32m  OK  [0m] Stopped irqbalance daemon.
[[0;32m  OK  [0m] Stopped Dispatcher daemon for systemd-networkd.
[[0;32m  OK  [0m] Stopped Deferred execution scheduler.
[[0;32m  OK  [0m] Stopped OpenBSD Secure Shell server.
[[0;32m  OK  [0m] Stopped System Logging Service.
[[0;32m  OK  [0m] Stopped Authorization Manager.
[[0;32m  OK  [0m] Stopped Serial Getty on ttyS0.
[[0;32m  OK  [0m] Stopped Getty on tty1.
[[0;32m  OK  [0m] Stopped User Manager for UID 1000.
[[0;32m  OK  [0m] Stopped D-Bus System Message Bus.
[[0;32m  OK  [0m] Stopped FUSE filesystem for LXC.
[[0;32m  OK  [0m] Stopped Session 6 of user vagrant.
[[0;32m  OK  [0m] Stopped Unattended Upgrades Shutdown.
[[0;32m  OK  [0m] Removed slice system-getty.slice.
         Stopping controls configuration of serial ports...
         Stopping controls configuration of serial ports...
[[0;32m  OK  [0m] Removed slice system-serial\x2dgetty.slice.
[[0;32m  OK  [0m] Stopped LXD - container startup/shutdown.
[[0;32m  OK  [0m] Stopped LSB: Record successful boot for GRUB.
[[0;32m  OK  [0m] Stopped Session 11 of user vagrant.
[[0;32m  OK  [0m] Stopped Session 7 of user vagrant.
[[0;32m  OK  [0m] Stopped LSB: automatic crash report generation.
[[0;32m  OK  [0m] Removed slice User Slice of vagrant.
         Stopping Login Service...
         Stopping Permit User Sessions...
[[0;32m  OK  [0m] Stopped vboxadd-service.service.
[[0;32m  OK  [0m] Stopped Permit User Sessions.
[[0;32m  OK  [0m] Stopped target Remote File Systems.
[[0;32m  OK  [0m] Stopped target Remote File Systems (Pre).
         Stopping vboxadd.service...
[[0;32m  OK  [0m] Stopped Availability of block devices.
[[0;32m  OK  [0m] Stopped Login Service.
[[0;32m  OK  [0m] Stopped target User and Group Name Lookups.
[[0;32m  OK  [0m] Stopped controls configuration of serial ports.
[[0;32m  OK  [0m] Stopped controls configuration of serial ports.
[[0;32m  OK  [0m] Unmounted /opt/safewaterfall/swmanager-api.
[[0;32m  OK  [0m] Unmounted /opt/safewaterfall/swsensor-api.
[[0;32m  OK  [0m] Unmounted /opt/safewaterfall/swsiren-api.
[[0;32m  OK  [0m] Unmounted /opt/safewaterfall/common.
[[0;32m  OK  [0m] Unmounted /vagrant.
[[0;32m  OK  [0m] Stopped vboxadd.service.
[[0;32m  OK  [0m] Unmounted /run/docker/netns/eb1bddbd1226.
[[0;32m  OK  [0m] Unmounted /var/lib/docker/overlay2/…21e110971c1041797bff9788ed/merged.
[[0;32m  OK  [0m] Unmounted /run/docker/netns/5216c7540edc.
[[0;32m  OK  [0m] Unmounted /var/lib/docker/overlay2/…4d93d20aba50aa34c2bc853c2a/merged.
[[0;32m  OK  [0m] Unmounted /run/docker/netns/dc10ba62bc66.
[[0;32m  OK  [0m] Unmounted /var/lib/docker/overlay2/…57e5536556e1e5ee3b0ca29c18/merged.
[[0;32m  OK  [0m] Stopped Docker Application Container Engine.
[[0;32m  OK  [0m] Stopped target Network is Online.
         Stopping containerd container runtime...
[[0;32m  OK  [0m] Stopped containerd container runtime.
[[0;32m  OK  [0m] Stopped target Network.
         Stopping Network Name Resolution...
[[0;32m  OK  [0m] Stopped target Basic System.
[[0;32m  OK  [0m] Stopped target Paths.
[[0;32m  OK  [0m] Stopped ACPI Events Check.
[[0;32m  OK  [0m] Stopped target Slices.
[[0;32m  OK  [0m] Removed slice User and Session Slice.
[[0;32m  OK  [0m] Stopped target Sockets.
[[0;32m  OK  [0m] Closed ACPID Listen Socket.
[[0;32m  OK  [0m] Closed Docker Socket for the API.
[[0;32m  OK  [0m] Closed UUID daemon activation socket.
[[0;32m  OK  [0m] Closed Open-iSCSI iscsid Socket.
[[0;32m  OK  [0m] Closed LXD - unix socket.
[[0;32m  OK  [0m] Closed D-Bus System Message Bus Socket.
[[0;32m  OK  [0m] Closed Syslog Socket.
[[0;32m  OK  [0m] Closed Socket activation for snappy daemon.
[[0;32m  OK  [0m] Stopped target System Initialization.
         Stopping Load/Save Random Seed...
[[0;32m  OK  [0m] Stopped target Local Encrypted Volumes.
[[0;32m  OK  [0m] Stopped Forward Password Requests to Wall Directory Watch.
[[0;32m  OK  [0m] Stopped Dispatch Password Requests to Console Directory Watch.
[[0;32m  OK  [0m] Stopped Initial cloud-init job (metadata service crawler).
         Stopping Update UTMP about System Boot/Shutdown...
[[0;32m  OK  [0m] Stopped Network Name Resolution.
[[0;32m  OK  [0m] Stopped Load/Save Random Seed.
         Stopping Network Service...
[[0;32m  OK  [0m] Stopped Update UTMP about System Boot/Shutdown.
[[0;32m  OK  [0m] Stopped Create Volatile Files and Directories.
[[0;32m  OK  [0m] Stopped target Local File Systems.
         Unmounting /run/user/1000...
[[0;32m  OK  [0m] Unmounted /run/user/1000.
[[0;32m  OK  [0m] Reached target Unmount All Filesystems.
[[0;32m  OK  [0m] Stopped target Local File Systems (Pre).
[[0;32m  OK  [0m] Stopped Create Static Device Nodes in /dev.
         Stopping Monitoring of LVM2 mirrors…ng dmeventd or progress polling...
[[0;32m  OK  [0m] Stopped target Swap.
[[0;32m  OK  [0m] Stopped Network Service.
[[0;32m  OK  [0m] Stopped Apply Kernel Variables.
[[0;32m  OK  [0m] Stopped Load Kernel Modules.
[[0;32m  OK  [0m] Stopped target Network (Pre).
[[0;32m  OK  [0m] Stopped Initial cloud-init job (pre-networking).
[[0;32m  OK  [0m] Stopped Remount Root and Kernel File Systems.
[[0;32m  OK  [0m] Reached target Shutdown.
[[0;32m  OK  [0m] Reached target Final Step.
         Starting Power-Off...
[[0;32m  OK  [0m] Stopped Monitoring of LVM2 mirrors,…sing dmeventd or progress polling.
         Stopping LVM2 metadata daemon...
[ 8585.736935] reboot: Power down
